Restoring modules from user's my_modules
/home/hamdan/env/lib/python3.9/site-packages/albumentations/augmentations/transforms.py:1554: UserWarning: Using default interpolation INTER_NEAREST, which is sub-optimal.Please specify interpolation mode for downscale and upscale explicitly.For additional information see this PR https://github.com/albumentations-team/albumentations/pull/584
  warnings.warn(
/home/hamdan/env/lib/python3.9/site-packages/torch/nn/_reduction.py:42: UserWarning: size_average and reduce args will be deprecated, please use reduction='sum' instead.
  warnings.warn(warning.format(ret))
Namespace(target_path='saved_models/', name_file='resnest', file_path='rimes_paragraph_finetune.hdf5', epochs=200, batch_size=32, lr=6e-05, charset_base='rimes_vocab', device=0, finetune='resnestrimes_paragraph_pretrainingbest_loss.pt')
charset: m.YTD8S-I!R=ôùQELjqFnW39UlK
;*ûuw0B vA7NâZa_€g²Xc1'?h¤tOçeÀsë4iîœ{6(}k:5dèÉ+é/°fMPCy,xJbzêV2")%HàGorp
Started training
resnestrimes_paragraph_finetune
Epoch: 01 learning rate[6e-05]
Time: 0m 24s
Train Loss: 1470.350
Val   Loss: 4836.229
saving it 4836.2294921875
Epoch: 02 learning rate[6e-05]
Time: 0m 21s
Train Loss: 673.497
Val   Loss: 3145.005
saving it 3145.004638671875
Epoch: 03 learning rate[6e-05]
Time: 0m 21s
Train Loss: 507.790
Val   Loss: 3053.866
saving it 3053.86572265625
Epoch: 04 learning rate[6e-05]
Time: 0m 21s
Train Loss: 431.093
Val   Loss: 2855.479
saving it 2855.4794921875
Epoch: 05 learning rate[6e-05]
Time: 0m 21s
Train Loss: 375.664
Val   Loss: 2537.123
saving it 2537.122802734375
Epoch: 06 learning rate[6e-05]
Time: 0m 21s
Train Loss: 311.202
Val   Loss: 2406.318
saving it 2406.31787109375
Epoch: 07 learning rate[6e-05]
Time: 0m 21s
Train Loss: 265.959
Val   Loss: 2249.255
saving it 2249.255126953125
Epoch: 08 learning rate[6e-05]
Time: 0m 21s
Train Loss: 241.150
Val   Loss: 2345.185
saving for last loss
Epoch: 09 learning rate[6e-05]
Time: 0m 21s
Train Loss: 212.651
Val   Loss: 2750.640
saving for last loss
Epoch: 10 learning rate[6e-05]
Time: 0m 21s
Train Loss: 196.704
Val   Loss: 2430.022
saving for last loss
Epoch: 11 learning rate[6e-05]
Time: 0m 21s
Train Loss: 181.409
Val   Loss: 2553.652
saving for last loss
Epoch: 12 learning rate[6e-05]
Time: 0m 21s
Train Loss: 167.806
Val   Loss: 2229.204
saving it 2229.20361328125
Epoch: 13 learning rate[6e-05]
Time: 0m 21s
Train Loss: 153.878
Val   Loss: 2455.441
saving for last loss
Epoch: 14 learning rate[6e-05]
Time: 0m 21s
Train Loss: 152.745
Val   Loss: 2278.175
saving for last loss
Epoch: 15 learning rate[6e-05]
Time: 0m 21s
Train Loss: 132.920
Val   Loss: 2375.036
saving for last loss
Epoch: 16 learning rate[6e-05]
Time: 0m 21s
Train Loss: 119.928
Val   Loss: 2390.855
saving for last loss
Epoch: 17 learning rate[6e-05]
Time: 0m 21s
Train Loss: 108.909
Val   Loss: 2290.728
saving for last loss
Epoch: 18 learning rate[4.8e-05]
Time: 0m 21s
Train Loss: 107.337
Val   Loss: 2294.247
saving for last loss
Epoch: 19 learning rate[4.8e-05]
Time: 0m 21s
Train Loss: 93.310
Val   Loss: 2283.819
saving for last loss
Epoch: 20 learning rate[4.8e-05]
Time: 0m 21s
Train Loss: 86.140
Val   Loss: 2347.864
saving for last loss
Epoch: 21 learning rate[4.8e-05]
Time: 0m 21s
Train Loss: 81.787
Val   Loss: 2377.905
saving for last loss
Epoch: 22 learning rate[4.8e-05]
Time: 0m 21s
Train Loss: 70.609
Val   Loss: 2386.809
saving for last loss
Epoch: 23 learning rate[3.8400000000000005e-05]
Time: 0m 21s
Train Loss: 63.313
Val   Loss: 2329.441
saving for last loss
Epoch: 24 learning rate[3.8400000000000005e-05]
Time: 0m 21s
Train Loss: 61.984
Val   Loss: 2274.142
saving for last loss
Epoch: 25 learning rate[3.8400000000000005e-05]
Time: 0m 21s
Train Loss: 56.142
Val   Loss: 2231.991
saving for last loss
Epoch: 26 learning rate[3.8400000000000005e-05]
Time: 0m 21s
Train Loss: 54.619
Val   Loss: 2291.044
saving for last loss
Epoch: 27 learning rate[3.8400000000000005e-05]
Time: 0m 21s
Train Loss: 51.856
Val   Loss: 2366.560
saving for last loss
Epoch: 28 learning rate[3.0720000000000004e-05]
Time: 0m 21s
Train Loss: 49.188
Val   Loss: 2361.584
saving for last loss
Epoch: 29 learning rate[3.0720000000000004e-05]
Time: 0m 21s
Train Loss: 49.013
Val   Loss: 2348.864
saving for last loss
Epoch: 30 learning rate[3.0720000000000004e-05]
Time: 0m 21s
Train Loss: 43.823
Val   Loss: 2369.772
saving for last loss
Epoch: 31 learning rate[3.0720000000000004e-05]
Time: 0m 21s
Train Loss: 49.219
Val   Loss: 2447.307
saving for last loss
Epoch: 32 learning rate[3.0720000000000004e-05]
Time: 0m 21s
Train Loss: 40.311
Val   Loss: 2395.200
saving for last loss
Epoch: 33 learning rate[2.4576000000000003e-05]
Time: 0m 21s
Train Loss: 37.645
Val   Loss: 2340.825
saving for last loss
Epoch: 34 learning rate[2.4576000000000003e-05]
Time: 0m 21s
Train Loss: 35.404
Val   Loss: 2360.213
saving for last loss
Epoch: 35 learning rate[2.4576000000000003e-05]
Time: 0m 21s
Train Loss: 34.030
Val   Loss: 2418.003
saving for last loss
Epoch: 36 learning rate[2.4576000000000003e-05]
Time: 0m 21s
Train Loss: 36.150
Val   Loss: 2344.831
saving for last loss
Epoch: 37 learning rate[2.4576000000000003e-05]
Time: 0m 21s
Train Loss: 36.317
Val   Loss: 2339.184
saving for last loss
Epoch: 38 learning rate[1.9660800000000003e-05]
Time: 0m 21s
Train Loss: 30.828
Val   Loss: 2390.487
saving for last loss
Epoch: 39 learning rate[1.9660800000000003e-05]
Time: 0m 21s
Train Loss: 30.184
Val   Loss: 2392.847
saving for last loss
Epoch: 40 learning rate[1.9660800000000003e-05]
Time: 0m 21s
Train Loss: 29.710
Val   Loss: 2325.323
saving for last loss
Epoch: 41 learning rate[1.9660800000000003e-05]
Time: 0m 21s
Train Loss: 29.234
Val   Loss: 2402.376
saving for last loss
Epoch: 42 learning rate[1.9660800000000003e-05]
Time: 0m 21s
Train Loss: 27.956
Val   Loss: 2447.654
saving for last loss
Epoch: 43 learning rate[1.5728640000000003e-05]
Time: 0m 21s
Train Loss: 29.003
Val   Loss: 2436.523
saving for last loss
Epoch: 44 learning rate[1.5728640000000003e-05]
Time: 0m 21s
Train Loss: 26.719
Val   Loss: 2277.289
saving for last loss
Epoch: 45 learning rate[1.5728640000000003e-05]
Time: 0m 21s
Train Loss: 26.209
Val   Loss: 2359.873
saving for last loss
Epoch: 46 learning rate[1.5728640000000003e-05]
Time: 0m 21s
Train Loss: 25.613
Val   Loss: 2356.562
saving for last loss
Epoch: 47 learning rate[1.5728640000000003e-05]
Time: 0m 21s
Train Loss: 24.008
Val   Loss: 2406.849
saving for last loss
Epoch: 48 learning rate[1.2582912000000004e-05]
Time: 0m 21s
Train Loss: 22.272
Val   Loss: 2414.175
saving for last loss
Epoch: 49 learning rate[1.2582912000000004e-05]
Time: 0m 21s
Train Loss: 29.211
Val   Loss: 2426.300
saving for last loss
Epoch: 50 learning rate[1.2582912000000004e-05]
Time: 0m 21s
Train Loss: 22.129
Val   Loss: 2413.327
saving for last loss
Epoch: 51 learning rate[1.2582912000000004e-05]
Time: 0m 21s
Train Loss: 22.535
Val   Loss: 2374.735
saving for last loss
Epoch: 52 learning rate[1.2582912000000004e-05]
Time: 0m 21s
Train Loss: 21.898
Val   Loss: 2388.346
saving for last loss
Epoch: 53 learning rate[1.0066329600000005e-05]
Time: 0m 21s
Train Loss: 28.487
Val   Loss: 2459.129
saving for last loss
Epoch: 54 learning rate[1.0066329600000005e-05]
Time: 0m 21s
Train Loss: 23.049
Val   Loss: 2411.841
saving for last loss
Epoch: 55 learning rate[1.0066329600000005e-05]
Time: 0m 21s
Train Loss: 21.770
Val   Loss: 2410.820
saving for last loss
Epoch: 56 learning rate[1.0066329600000005e-05]
Time: 0m 21s
Train Loss: 22.417
Val   Loss: 2381.343
saving for last loss
Epoch: 57 learning rate[1.0066329600000005e-05]
Time: 0m 21s
Train Loss: 21.287
Val   Loss: 2351.620
saving for last loss
Epoch: 58 learning rate[8.053063680000005e-06]
Time: 0m 21s
Train Loss: 19.654
Val   Loss: 2383.258
saving for last loss
Epoch: 59 learning rate[8.053063680000005e-06]
Time: 0m 21s
Train Loss: 24.013
Val   Loss: 2396.843
saving for last loss
Epoch: 60 learning rate[8.053063680000005e-06]
Time: 0m 21s
Train Loss: 21.233
Val   Loss: 2360.961
saving for last loss
Epoch: 61 learning rate[8.053063680000005e-06]
Time: 0m 21s
Train Loss: 18.624
Val   Loss: 2394.406
saving for last loss
Epoch: 62 learning rate[8.053063680000005e-06]
Time: 0m 21s
Train Loss: 20.044
Val   Loss: 2374.181
saving for last loss
Epoch: 63 learning rate[6.442450944000004e-06]
Time: 0m 21s
Train Loss: 19.046
Val   Loss: 2368.439
saving for last loss
Epoch: 64 learning rate[6.442450944000004e-06]
Time: 0m 21s
Train Loss: 18.203
Val   Loss: 2394.092
saving for last loss
Epoch: 65 learning rate[6.442450944000004e-06]
Time: 0m 21s
Train Loss: 20.054
Val   Loss: 2369.924
saving for last loss
Epoch: 66 learning rate[6.442450944000004e-06]
Time: 0m 21s
Train Loss: 17.751
Val   Loss: 2361.731
saving for last loss
Epoch: 67 learning rate[6.442450944000004e-06]
Time: 0m 21s
Train Loss: 17.888
Val   Loss: 2366.222
saving for last loss
Epoch: 68 learning rate[5.153960755200003e-06]
Time: 0m 21s
Train Loss: 21.705
Val   Loss: 2375.973
saving for last loss
Epoch: 69 learning rate[5.153960755200003e-06]
Time: 0m 21s
Train Loss: 16.894
Val   Loss: 2402.921
saving for last loss
Epoch: 70 learning rate[5.153960755200003e-06]
Time: 0m 21s
Train Loss: 17.880
Val   Loss: 2382.568
saving for last loss
Epoch: 71 learning rate[5.153960755200003e-06]
Time: 0m 21s
Train Loss: 16.611
Val   Loss: 2410.735
saving for last loss
Epoch: 72 learning rate[5.153960755200003e-06]
Time: 0m 21s
Train Loss: 16.181
Val   Loss: 2405.805
saving for last loss
Epoch: 73 learning rate[4.123168604160003e-06]
Time: 0m 21s
Train Loss: 17.926
Val   Loss: 2399.590
saving for last loss
Epoch: 74 learning rate[4.123168604160003e-06]
Time: 0m 21s
Train Loss: 16.115
Val   Loss: 2403.280
saving for last loss
Epoch: 75 learning rate[4.123168604160003e-06]
Time: 0m 21s
Train Loss: 18.398
Val   Loss: 2380.536
saving for last loss
Epoch: 76 learning rate[4.123168604160003e-06]
Time: 0m 21s
Train Loss: 15.417
Val   Loss: 2380.167
saving for last loss
Epoch: 77 learning rate[4.123168604160003e-06]
Time: 0m 21s
Train Loss: 15.400
Val   Loss: 2415.527
saving for last loss
Epoch: 78 learning rate[3.2985348833280024e-06]
Time: 0m 21s
Train Loss: 16.999
Val   Loss: 2414.123
saving for last loss
Epoch: 79 learning rate[3.2985348833280024e-06]
Time: 0m 21s
Train Loss: 15.095
Val   Loss: 2376.136
saving for last loss
Epoch: 80 learning rate[3.2985348833280024e-06]
Time: 0m 21s
Train Loss: 15.727
Val   Loss: 2402.897
saving for last loss
Epoch: 81 learning rate[3.2985348833280024e-06]
Time: 0m 21s
Train Loss: 15.904
Val   Loss: 2416.453
saving for last loss
Epoch: 82 learning rate[3.2985348833280024e-06]
Time: 0m 21s
Train Loss: 16.705
Val   Loss: 2424.551
saving for last loss
Epoch: 83 learning rate[2.638827906662402e-06]
Time: 0m 21s
Train Loss: 15.672
Val   Loss: 2394.420
saving for last loss
Epoch: 84 learning rate[2.638827906662402e-06]
Time: 0m 21s
Train Loss: 15.405
Val   Loss: 2410.143
saving for last loss
Epoch: 85 learning rate[2.638827906662402e-06]
Time: 0m 21s
Train Loss: 17.546
Val   Loss: 2453.825
saving for last loss
Epoch: 86 learning rate[2.638827906662402e-06]
Time: 0m 21s
Train Loss: 15.088
Val   Loss: 2498.325
saving for last loss
Epoch: 87 learning rate[2.638827906662402e-06]
Time: 0m 21s
Train Loss: 15.239
Val   Loss: 2447.325
saving for last loss
Epoch: 88 learning rate[2.111062325329922e-06]
Time: 0m 21s
Train Loss: 14.628
Val   Loss: 2438.633
saving for last loss
Epoch: 89 learning rate[2.111062325329922e-06]
Time: 0m 21s
Train Loss: 15.480
Val   Loss: 2459.965
saving for last loss
Epoch: 90 learning rate[2.111062325329922e-06]
Time: 0m 21s
Train Loss: 17.890
Val   Loss: 2438.409
saving for last loss
Epoch: 91 learning rate[2.111062325329922e-06]
Time: 0m 21s
Train Loss: 15.561
Val   Loss: 2416.494
saving for last loss
Epoch: 92 learning rate[2.111062325329922e-06]
Time: 0m 21s
Train Loss: 14.890
Val   Loss: 2394.782
saving for last loss
Epoch: 93 learning rate[1.6888498602639376e-06]
Time: 0m 21s
Train Loss: 14.715
Val   Loss: 2391.233
saving for last loss
Epoch: 94 learning rate[1.6888498602639376e-06]
Time: 0m 21s
Train Loss: 18.177
Val   Loss: 2408.208
saving for last loss
Epoch: 95 learning rate[1.6888498602639376e-06]
Time: 0m 21s
Train Loss: 15.072
Val   Loss: 2398.878
saving for last loss
Epoch: 96 learning rate[1.6888498602639376e-06]
Time: 0m 21s
Train Loss: 15.387
Val   Loss: 2405.640
saving for last loss
Epoch: 97 learning rate[1.6888498602639376e-06]
Time: 0m 21s
Train Loss: 17.279
Val   Loss: 2434.681
saving for last loss
Epoch: 98 learning rate[1.3510798882111502e-06]
Time: 0m 21s
Train Loss: 14.219
Val   Loss: 2408.155
saving for last loss
Epoch: 99 learning rate[1.3510798882111502e-06]
Time: 0m 21s
Train Loss: 15.814
Val   Loss: 2426.197
saving for last loss
Epoch: 100 learning rate[1.3510798882111502e-06]
Time: 0m 21s
Train Loss: 14.228
Val   Loss: 2409.700
saving for last loss
Epoch: 101 learning rate[1.3510798882111502e-06]
Time: 0m 21s
Train Loss: 15.431
Val   Loss: 2390.324
saving for last loss
Epoch: 102 learning rate[1.3510798882111502e-06]
Time: 0m 21s
Train Loss: 16.660
Val   Loss: 2384.600
saving for last loss
Epoch: 103 learning rate[1.0808639105689203e-06]
Time: 0m 21s
Train Loss: 27.019
Val   Loss: 2409.535
saving for last loss
Epoch: 104 learning rate[1.0808639105689203e-06]
Time: 0m 21s
Train Loss: 14.709
Val   Loss: 2407.747
saving for last loss
Epoch: 105 learning rate[1.0808639105689203e-06]
Time: 0m 21s
Train Loss: 18.611
Val   Loss: 2411.809
saving for last loss
Epoch: 106 learning rate[1.0808639105689203e-06]
Time: 0m 21s
Train Loss: 13.824
Val   Loss: 2388.592
saving for last loss
Epoch: 107 learning rate[1.0808639105689203e-06]
Time: 0m 21s
Train Loss: 15.108
Val   Loss: 2388.146
saving for last loss
Epoch: 108 learning rate[8.646911284551363e-07]
Time: 0m 21s
Train Loss: 13.481
Val   Loss: 2402.341
saving for last loss
Epoch: 109 learning rate[8.646911284551363e-07]
Time: 0m 21s
Train Loss: 16.167
Val   Loss: 2375.432
saving for last loss
Epoch: 110 learning rate[8.646911284551363e-07]
Time: 0m 21s
Train Loss: 13.660
Val   Loss: 2374.923
saving for last loss
Epoch: 111 learning rate[8.646911284551363e-07]
Time: 0m 21s
Train Loss: 13.714
Val   Loss: 2371.911
saving for last loss
Epoch: 112 learning rate[8.646911284551363e-07]
Time: 0m 21s
Train Loss: 15.435
Val   Loss: 2393.104
saving for last loss
Epoch: 113 learning rate[6.917529027641091e-07]
Time: 0m 21s
Train Loss: 14.433
Val   Loss: 2419.737
saving for last loss
Epoch: 114 learning rate[6.917529027641091e-07]
Time: 0m 21s
Train Loss: 13.486
Val   Loss: 2392.084
saving for last loss
Epoch: 115 learning rate[6.917529027641091e-07]
Time: 0m 21s
Train Loss: 13.856
Val   Loss: 2411.959
saving for last loss
Epoch: 116 learning rate[6.917529027641091e-07]
Time: 0m 21s
Train Loss: 14.595
Val   Loss: 2386.185
saving for last loss
Epoch: 117 learning rate[6.917529027641091e-07]
Time: 0m 21s
Train Loss: 14.660
Val   Loss: 2394.007
saving for last loss
Epoch: 118 learning rate[5.534023222112873e-07]
Time: 0m 21s
Train Loss: 14.409
Val   Loss: 2389.968
saving for last loss
Epoch: 119 learning rate[5.534023222112873e-07]
Time: 0m 21s
Train Loss: 13.754
Val   Loss: 2371.258
saving for last loss
Epoch: 120 learning rate[5.534023222112873e-07]
Time: 0m 21s
Train Loss: 17.230
Val   Loss: 2400.729
saving for last loss
Epoch: 121 learning rate[5.534023222112873e-07]
Time: 0m 21s
Train Loss: 14.019
Val   Loss: 2372.897
saving for last loss
Epoch: 122 learning rate[5.534023222112873e-07]
Time: 0m 21s
Train Loss: 14.476
Val   Loss: 2370.073
saving for last loss
Epoch: 123 learning rate[4.427218577690299e-07]
Time: 0m 21s
Train Loss: 17.116
Val   Loss: 2418.668
saving for last loss
Epoch: 124 learning rate[4.427218577690299e-07]
Time: 0m 21s
Train Loss: 13.429
Val   Loss: 2390.023
saving for last loss
Epoch: 125 learning rate[4.427218577690299e-07]
Time: 0m 21s
Train Loss: 13.761
Val   Loss: 2376.257
saving for last loss
Epoch: 126 learning rate[4.427218577690299e-07]
Time: 0m 21s
Train Loss: 14.288
Val   Loss: 2403.569
saving for last loss
Epoch: 127 learning rate[4.427218577690299e-07]
Time: 0m 21s
Train Loss: 14.250
Val   Loss: 2403.975
saving for last loss
Epoch: 128 learning rate[3.541774862152239e-07]
Time: 0m 21s
Train Loss: 13.114
Val   Loss: 2414.017
saving for last loss
Epoch: 129 learning rate[3.541774862152239e-07]
Time: 0m 21s
Train Loss: 14.370
Val   Loss: 2414.255
saving for last loss
Epoch: 130 learning rate[3.541774862152239e-07]
Time: 0m 21s
Train Loss: 14.634
Val   Loss: 2414.562
saving for last loss
slurmstepd: error: *** JOB 13390597 ON ng30603 CANCELLED AT 2023-02-02T09:57:37 ***
