Restoring modules from user's my_modules
/home/hamdan/env/lib/python3.9/site-packages/albumentations/augmentations/transforms.py:1554: UserWarning: Using default interpolation INTER_NEAREST, which is sub-optimal.Please specify interpolation mode for downscale and upscale explicitly.For additional information see this PR https://github.com/albumentations-team/albumentations/pull/584
  warnings.warn(
/home/hamdan/env/lib/python3.9/site-packages/torch/nn/_reduction.py:42: UserWarning: size_average and reduce args will be deprecated, please use reduction='sum' instead.
  warnings.warn(warning.format(ret))
Namespace(target_path='saved_models/', name_file='resnest', file_path='reads_paragraph_finetune.hdf5', epochs=200, batch_size=32, lr=6e-05, charset_base='read_vocab', device=0, finetune='resnestreads_paragraph_pretrainingbest_loss.pt')
charset: kCE3̄cw¬NaorūxbgOÖö5tDsSRā>L(G
B61ÿ8e,<¾Q0ōäizußY2ZA)y-F9PmTKfdVUüvMn/jph+4ēIJWl7q:ȳH—.̈ 
Started training
resnestreads_paragraph_finetune
Epoch: 01 learning rate[6e-05]
Time: 0m 23s
Train Loss: 5980.776
Val   Loss: 12077.053
saving it 12077.052734375
Epoch: 02 learning rate[6e-05]
Time: 0m 22s
Train Loss: 2912.941
Val   Loss: 8975.789
saving it 8975.7890625
Epoch: 03 learning rate[6e-05]
Time: 0m 21s
Train Loss: 2215.710
Val   Loss: 7853.795
saving it 7853.794677734375
Epoch: 04 learning rate[6e-05]
Time: 0m 21s
Train Loss: 1792.749
Val   Loss: 7212.006
saving it 7212.00634765625
Epoch: 05 learning rate[6e-05]
Time: 0m 21s
Train Loss: 1559.636
Val   Loss: 6937.964
saving it 6937.96435546875
Epoch: 06 learning rate[6e-05]
Time: 0m 22s
Train Loss: 1322.766
Val   Loss: 6742.306
saving it 6742.30615234375
Epoch: 07 learning rate[6e-05]
Time: 0m 21s
Train Loss: 1163.527
Val   Loss: 6641.675
saving it 6641.67529296875
Epoch: 08 learning rate[6e-05]
Time: 0m 21s
Train Loss: 1044.773
Val   Loss: 6595.814
saving it 6595.8138427734375
Epoch: 09 learning rate[6e-05]
Time: 0m 21s
Train Loss: 961.819
Val   Loss: 6508.461
saving it 6508.4609375
Epoch: 10 learning rate[6e-05]
Time: 0m 22s
Train Loss: 837.559
Val   Loss: 6466.160
saving it 6466.16015625
Epoch: 11 learning rate[6e-05]
Time: 0m 21s
Train Loss: 771.098
Val   Loss: 6502.125
saving for last loss
Epoch: 12 learning rate[6e-05]
Time: 0m 21s
Train Loss: 703.574
Val   Loss: 6428.743
saving it 6428.743408203125
Epoch: 13 learning rate[6e-05]
Time: 0m 22s
Train Loss: 663.618
Val   Loss: 6514.026
saving for last loss
Epoch: 14 learning rate[6e-05]
Time: 0m 21s
Train Loss: 613.532
Val   Loss: 6445.532
saving for last loss
Epoch: 15 learning rate[6e-05]
Time: 0m 21s
Train Loss: 578.750
Val   Loss: 6495.493
saving for last loss
Epoch: 16 learning rate[6e-05]
Time: 0m 21s
Train Loss: 518.399
Val   Loss: 6389.167
saving it 6389.1668701171875
Epoch: 17 learning rate[6e-05]
Time: 0m 22s
Train Loss: 479.925
Val   Loss: 6420.432
saving for last loss
Epoch: 18 learning rate[6e-05]
Time: 0m 21s
Train Loss: 451.435
Val   Loss: 6401.095
saving for last loss
Epoch: 19 learning rate[6e-05]
Time: 0m 21s
Train Loss: 421.975
Val   Loss: 6334.803
saving it 6334.80322265625
Epoch: 20 learning rate[6e-05]
Time: 0m 21s
Train Loss: 382.610
Val   Loss: 6412.917
saving for last loss
Epoch: 21 learning rate[6e-05]
Time: 0m 21s
Train Loss: 363.492
Val   Loss: 6502.145
saving for last loss
Epoch: 22 learning rate[6e-05]
Time: 0m 21s
Train Loss: 347.065
Val   Loss: 6504.405
saving for last loss
Epoch: 23 learning rate[6e-05]
Time: 0m 21s
Train Loss: 318.106
Val   Loss: 6507.117
saving for last loss
Epoch: 24 learning rate[6e-05]
Time: 0m 22s
Train Loss: 305.308
Val   Loss: 6682.233
saving for last loss
Epoch: 25 learning rate[4.8e-05]
Time: 0m 21s
Train Loss: 277.112
Val   Loss: 6559.173
saving for last loss
Epoch: 26 learning rate[4.8e-05]
Time: 0m 22s
Train Loss: 253.754
Val   Loss: 6530.807
saving for last loss
Epoch: 27 learning rate[4.8e-05]
Time: 0m 21s
Train Loss: 234.187
Val   Loss: 6500.492
saving for last loss
Epoch: 28 learning rate[4.8e-05]
Time: 0m 21s
Train Loss: 236.594
Val   Loss: 6527.053
saving for last loss
Epoch: 29 learning rate[4.8e-05]
Time: 0m 21s
Train Loss: 204.105
Val   Loss: 6562.613
saving for last loss
Epoch: 30 learning rate[3.8400000000000005e-05]
Time: 0m 22s
Train Loss: 204.367
Val   Loss: 6565.075
saving for last loss
Epoch: 31 learning rate[3.8400000000000005e-05]
Time: 0m 22s
Train Loss: 194.819
Val   Loss: 6548.939
saving for last loss
Epoch: 32 learning rate[3.8400000000000005e-05]
Time: 0m 21s
Train Loss: 184.754
Val   Loss: 6535.853
saving for last loss
Epoch: 33 learning rate[3.8400000000000005e-05]
Time: 0m 22s
Train Loss: 165.014
Val   Loss: 6606.053
saving for last loss
Epoch: 34 learning rate[3.8400000000000005e-05]
Time: 0m 22s
Train Loss: 159.289
Val   Loss: 6633.171
saving for last loss
Epoch: 35 learning rate[3.0720000000000004e-05]
Time: 0m 22s
Train Loss: 155.209
Val   Loss: 6614.139
saving for last loss
Epoch: 36 learning rate[3.0720000000000004e-05]
Time: 0m 22s
Train Loss: 142.376
Val   Loss: 6691.360
saving for last loss
Epoch: 37 learning rate[3.0720000000000004e-05]
Time: 0m 21s
Train Loss: 138.472
Val   Loss: 6594.569
saving for last loss
Epoch: 38 learning rate[3.0720000000000004e-05]
Time: 0m 21s
Train Loss: 134.424
Val   Loss: 6669.277
saving for last loss
Epoch: 39 learning rate[3.0720000000000004e-05]
Time: 0m 22s
Train Loss: 132.302
Val   Loss: 6754.350
saving for last loss
Epoch: 40 learning rate[2.4576000000000003e-05]
Time: 0m 22s
Train Loss: 130.494
Val   Loss: 6708.941
saving for last loss
Epoch: 41 learning rate[2.4576000000000003e-05]
Time: 0m 22s
Train Loss: 122.678
Val   Loss: 6728.541
saving for last loss
Epoch: 42 learning rate[2.4576000000000003e-05]
Time: 0m 21s
Train Loss: 118.876
Val   Loss: 6725.704
saving for last loss
Epoch: 43 learning rate[2.4576000000000003e-05]
Time: 0m 22s
Train Loss: 113.797
Val   Loss: 6695.584
saving for last loss
Epoch: 44 learning rate[2.4576000000000003e-05]
Time: 0m 22s
Train Loss: 102.854
Val   Loss: 6686.062
saving for last loss
Epoch: 45 learning rate[1.9660800000000003e-05]
Time: 0m 21s
Train Loss: 102.661
Val   Loss: 6788.634
saving for last loss
Epoch: 46 learning rate[1.9660800000000003e-05]
Time: 0m 21s
Train Loss: 102.689
Val   Loss: 6798.968
saving for last loss
Epoch: 47 learning rate[1.9660800000000003e-05]
Time: 0m 22s
Train Loss: 108.928
Val   Loss: 6765.383
saving for last loss
Epoch: 48 learning rate[1.9660800000000003e-05]
Time: 0m 21s
Train Loss: 107.816
Val   Loss: 6740.472
saving for last loss
Epoch: 49 learning rate[1.9660800000000003e-05]
Time: 0m 21s
Train Loss: 97.515
Val   Loss: 6796.697
saving for last loss
Epoch: 50 learning rate[1.5728640000000003e-05]
Time: 0m 21s
Train Loss: 93.220
Val   Loss: 6822.274
saving for last loss
Epoch: 51 learning rate[1.5728640000000003e-05]
Time: 0m 21s
Train Loss: 101.873
Val   Loss: 6785.966
saving for last loss
Epoch: 52 learning rate[1.5728640000000003e-05]
Time: 0m 21s
Train Loss: 89.404
Val   Loss: 6746.242
saving for last loss
Epoch: 53 learning rate[1.5728640000000003e-05]
Time: 0m 22s
Train Loss: 82.164
Val   Loss: 6782.187
saving for last loss
Epoch: 54 learning rate[1.5728640000000003e-05]
Time: 0m 21s
Train Loss: 85.744
Val   Loss: 6859.381
saving for last loss
Epoch: 55 learning rate[1.2582912000000004e-05]
Time: 0m 21s
Train Loss: 89.501
Val   Loss: 6812.454
saving for last loss
Epoch: 56 learning rate[1.2582912000000004e-05]
Time: 0m 21s
Train Loss: 81.580
Val   Loss: 6813.323
saving for last loss
Epoch: 57 learning rate[1.2582912000000004e-05]
Time: 0m 21s
Train Loss: 81.488
Val   Loss: 6852.887
saving for last loss
Epoch: 58 learning rate[1.2582912000000004e-05]
Time: 0m 21s
Train Loss: 78.845
Val   Loss: 6803.443
saving for last loss
Epoch: 59 learning rate[1.2582912000000004e-05]
Time: 0m 21s
Train Loss: 84.067
Val   Loss: 6862.807
saving for last loss
Epoch: 60 learning rate[1.0066329600000005e-05]
Time: 0m 21s
Train Loss: 89.050
Val   Loss: 6820.324
saving for last loss
Epoch: 61 learning rate[1.0066329600000005e-05]
Time: 0m 21s
Train Loss: 87.502
Val   Loss: 6876.284
saving for last loss
Epoch: 62 learning rate[1.0066329600000005e-05]
Time: 0m 21s
Train Loss: 69.720
Val   Loss: 6863.770
saving for last loss
Epoch: 63 learning rate[1.0066329600000005e-05]
Time: 0m 21s
Train Loss: 74.463
Val   Loss: 6868.169
saving for last loss
Epoch: 64 learning rate[1.0066329600000005e-05]
Time: 0m 21s
Train Loss: 70.555
Val   Loss: 6916.085
saving for last loss
Epoch: 65 learning rate[8.053063680000005e-06]
Time: 0m 21s
Train Loss: 80.503
Val   Loss: 6900.309
saving for last loss
Epoch: 66 learning rate[8.053063680000005e-06]
Time: 0m 21s
Train Loss: 67.980
Val   Loss: 6860.133
saving for last loss
Epoch: 67 learning rate[8.053063680000005e-06]
Time: 0m 21s
Train Loss: 71.656
Val   Loss: 6862.954
saving for last loss
Epoch: 68 learning rate[8.053063680000005e-06]
Time: 0m 22s
Train Loss: 62.566
Val   Loss: 6867.436
saving for last loss
Epoch: 69 learning rate[8.053063680000005e-06]
Time: 0m 22s
Train Loss: 61.141
Val   Loss: 6893.494
saving for last loss
Epoch: 70 learning rate[6.442450944000004e-06]
Time: 0m 21s
Train Loss: 61.475
Val   Loss: 6885.518
saving for last loss
Epoch: 71 learning rate[6.442450944000004e-06]
Time: 0m 22s
Train Loss: 63.057
Val   Loss: 6864.507
saving for last loss
Epoch: 72 learning rate[6.442450944000004e-06]
Time: 0m 21s
Train Loss: 62.259
Val   Loss: 6895.389
saving for last loss
Epoch: 73 learning rate[6.442450944000004e-06]
Time: 0m 21s
Train Loss: 67.090
Val   Loss: 6852.643
saving for last loss
Epoch: 74 learning rate[6.442450944000004e-06]
Time: 0m 21s
Train Loss: 60.525
Val   Loss: 6890.133
saving for last loss
Epoch: 75 learning rate[5.153960755200003e-06]
Time: 0m 21s
Train Loss: 61.009
Val   Loss: 6878.247
saving for last loss
Epoch: 76 learning rate[5.153960755200003e-06]
Time: 0m 22s
Train Loss: 61.195
Val   Loss: 6878.433
saving for last loss
Epoch: 77 learning rate[5.153960755200003e-06]
Time: 0m 21s
Train Loss: 69.285
Val   Loss: 6868.106
saving for last loss
Epoch: 78 learning rate[5.153960755200003e-06]
Time: 0m 22s
Train Loss: 72.044
Val   Loss: 6877.265
saving for last loss
Epoch: 79 learning rate[5.153960755200003e-06]
Time: 0m 21s
Train Loss: 56.043
Val   Loss: 6886.490
saving for last loss
Epoch: 80 learning rate[4.123168604160003e-06]
Time: 0m 21s
Train Loss: 57.448
Val   Loss: 6906.201
saving for last loss
Epoch: 81 learning rate[4.123168604160003e-06]
Time: 0m 21s
Train Loss: 51.926
Val   Loss: 6914.541
saving for last loss
Epoch: 82 learning rate[4.123168604160003e-06]
Time: 0m 22s
Train Loss: 56.768
Val   Loss: 6909.383
saving for last loss
Epoch: 83 learning rate[4.123168604160003e-06]
Time: 0m 22s
Train Loss: 59.311
Val   Loss: 6934.572
saving for last loss
Epoch: 84 learning rate[4.123168604160003e-06]
Time: 0m 21s
Train Loss: 63.339
Val   Loss: 6923.634
saving for last loss
Epoch: 85 learning rate[3.2985348833280024e-06]
Time: 0m 21s
Train Loss: 55.951
Val   Loss: 6910.388
saving for last loss
Epoch: 86 learning rate[3.2985348833280024e-06]
Time: 0m 22s
Train Loss: 54.809
Val   Loss: 6916.852
saving for last loss
Epoch: 87 learning rate[3.2985348833280024e-06]
Time: 0m 21s
Train Loss: 53.862
Val   Loss: 6943.103
saving for last loss
Epoch: 88 learning rate[3.2985348833280024e-06]
Time: 0m 22s
Train Loss: 60.412
Val   Loss: 6902.741
saving for last loss
Epoch: 89 learning rate[3.2985348833280024e-06]
Time: 0m 22s
Train Loss: 50.550
Val   Loss: 6981.151
saving for last loss
Epoch: 90 learning rate[2.638827906662402e-06]
Time: 0m 21s
Train Loss: 54.454
Val   Loss: 6936.871
saving for last loss
Epoch: 91 learning rate[2.638827906662402e-06]
Time: 0m 21s
Train Loss: 54.267
Val   Loss: 6919.101
saving for last loss
Epoch: 92 learning rate[2.638827906662402e-06]
Time: 0m 22s
Train Loss: 50.777
Val   Loss: 6986.267
saving for last loss
Epoch: 93 learning rate[2.638827906662402e-06]
Time: 0m 21s
Train Loss: 57.344
Val   Loss: 6936.967
saving for last loss
Epoch: 94 learning rate[2.638827906662402e-06]
Time: 0m 21s
Train Loss: 49.943
Val   Loss: 6940.346
saving for last loss
Epoch: 95 learning rate[2.111062325329922e-06]
Time: 0m 21s
Train Loss: 53.943
Val   Loss: 6927.414
saving for last loss
Epoch: 96 learning rate[2.111062325329922e-06]
Time: 0m 21s
Train Loss: 54.945
Val   Loss: 6887.626
saving for last loss
Epoch: 97 learning rate[2.111062325329922e-06]
Time: 0m 21s
Train Loss: 50.944
Val   Loss: 6966.522
saving for last loss
Epoch: 98 learning rate[2.111062325329922e-06]
Time: 0m 21s
Train Loss: 55.550
Val   Loss: 6946.596
saving for last loss
Epoch: 99 learning rate[2.111062325329922e-06]
Time: 0m 21s
Train Loss: 59.525
Val   Loss: 6933.856
saving for last loss
Epoch: 100 learning rate[1.6888498602639376e-06]
Time: 0m 21s
Train Loss: 52.877
Val   Loss: 6926.521
saving for last loss
Epoch: 101 learning rate[1.6888498602639376e-06]
Time: 0m 22s
Train Loss: 58.131
Val   Loss: 6956.194
saving for last loss
Epoch: 102 learning rate[1.6888498602639376e-06]
Time: 0m 21s
Train Loss: 48.014
Val   Loss: 6936.786
saving for last loss
Epoch: 103 learning rate[1.6888498602639376e-06]
Time: 0m 22s
Train Loss: 51.380
Val   Loss: 6948.573
saving for last loss
Epoch: 104 learning rate[1.6888498602639376e-06]
Time: 0m 21s
Train Loss: 51.243
Val   Loss: 6938.200
saving for last loss
Epoch: 105 learning rate[1.3510798882111502e-06]
Time: 0m 21s
Train Loss: 46.613
Val   Loss: 6930.844
saving for last loss
Epoch: 106 learning rate[1.3510798882111502e-06]
Time: 0m 21s
Train Loss: 59.572
Val   Loss: 6951.045
saving for last loss
Epoch: 107 learning rate[1.3510798882111502e-06]
Time: 0m 21s
Train Loss: 50.516
Val   Loss: 6924.667
saving for last loss
Epoch: 108 learning rate[1.3510798882111502e-06]
Time: 0m 21s
Train Loss: 49.402
Val   Loss: 6939.495
saving for last loss
Epoch: 109 learning rate[1.3510798882111502e-06]
Time: 0m 22s
Train Loss: 55.263
Val   Loss: 6944.876
saving for last loss
Epoch: 110 learning rate[1.0808639105689203e-06]
Time: 0m 21s
Train Loss: 46.434
Val   Loss: 6953.410
saving for last loss
Epoch: 111 learning rate[1.0808639105689203e-06]
Time: 0m 21s
Train Loss: 56.510
Val   Loss: 6961.615
saving for last loss
Epoch: 112 learning rate[1.0808639105689203e-06]
Time: 0m 21s
Train Loss: 46.749
Val   Loss: 6956.407
saving for last loss
Epoch: 113 learning rate[1.0808639105689203e-06]
Time: 0m 22s
Train Loss: 46.620
Val   Loss: 6948.952
saving for last loss
Epoch: 114 learning rate[1.0808639105689203e-06]
Time: 0m 21s
Train Loss: 49.918
Val   Loss: 6963.953
saving for last loss
Epoch: 115 learning rate[8.646911284551363e-07]
Time: 0m 21s
Train Loss: 48.142
Val   Loss: 6942.057
saving for last loss
Epoch: 116 learning rate[8.646911284551363e-07]
Time: 0m 22s
Train Loss: 48.688
Val   Loss: 6957.820
saving for last loss
Epoch: 117 learning rate[8.646911284551363e-07]
Time: 0m 21s
Train Loss: 59.299
Val   Loss: 6959.935
saving for last loss
Epoch: 118 learning rate[8.646911284551363e-07]
Time: 0m 21s
Train Loss: 58.743
Val   Loss: 6919.006
saving for last loss
Epoch: 119 learning rate[8.646911284551363e-07]
Time: 0m 22s
Train Loss: 49.812
Val   Loss: 6949.741
saving for last loss
Epoch: 120 learning rate[6.917529027641091e-07]
Time: 0m 22s
Train Loss: 43.086
Val   Loss: 6975.896
saving for last loss
Epoch: 121 learning rate[6.917529027641091e-07]
Time: 0m 22s
Train Loss: 52.193
Val   Loss: 6968.518
saving for last loss
Epoch: 122 learning rate[6.917529027641091e-07]
Time: 0m 22s
Train Loss: 50.184
Val   Loss: 6935.863
saving for last loss
Epoch: 123 learning rate[6.917529027641091e-07]
Time: 0m 22s
Train Loss: 48.093
Val   Loss: 6959.274
saving for last loss
Epoch: 124 learning rate[6.917529027641091e-07]
Time: 0m 22s
Train Loss: 47.047
Val   Loss: 6974.688
saving for last loss
Epoch: 125 learning rate[5.534023222112873e-07]
Time: 0m 22s
Train Loss: 53.745
Val   Loss: 6960.199
saving for last loss
Epoch: 126 learning rate[5.534023222112873e-07]
Time: 0m 22s
Train Loss: 51.552
Val   Loss: 6930.755
saving for last loss
Epoch: 127 learning rate[5.534023222112873e-07]
Time: 0m 21s
Train Loss: 42.490
Val   Loss: 6970.734
saving for last loss
Epoch: 128 learning rate[5.534023222112873e-07]
Time: 0m 21s
Train Loss: 48.224
Val   Loss: 6960.629
saving for last loss
Epoch: 129 learning rate[5.534023222112873e-07]
Time: 0m 21s
Train Loss: 50.178
Val   Loss: 6997.116
saving for last loss
Epoch: 130 learning rate[4.427218577690299e-07]
Time: 0m 22s
Train Loss: 54.124
Val   Loss: 6946.503
saving for last loss
slurmstepd: error: *** JOB 13390561 ON ng10705 CANCELLED AT 2023-02-02T09:57:36 ***
